INFO - 2024-02-03 12:56:53 --> Session: Class initialized using 'CodeIgniter\Session\Handlers\FileHandler' driver.
INFO - 2024-02-03 12:57:04 --> Session: Class initialized using 'CodeIgniter\Session\Handlers\FileHandler' driver.
INFO - 2024-02-03 12:57:10 --> Session: Class initialized using 'CodeIgniter\Session\Handlers\FileHandler' driver.
INFO - 2024-02-03 12:57:33 --> Session: Class initialized using 'CodeIgniter\Session\Handlers\FileHandler' driver.
INFO - 2024-02-03 12:57:34 --> Session: Class initialized using 'CodeIgniter\Session\Handlers\FileHandler' driver.
INFO - 2024-02-03 12:57:43 --> Session: Class initialized using 'CodeIgniter\Session\Handlers\FileHandler' driver.
INFO - 2024-02-03 13:10:37 --> Session: Class initialized using 'CodeIgniter\Session\Handlers\FileHandler' driver.
INFO - 2024-02-03 13:11:37 --> Session: Class initialized using 'CodeIgniter\Session\Handlers\FileHandler' driver.
INFO - 2024-02-03 13:11:40 --> Session: Class initialized using 'CodeIgniter\Session\Handlers\FileHandler' driver.
INFO - 2024-02-03 13:11:46 --> Session: Class initialized using 'CodeIgniter\Session\Handlers\FileHandler' driver.
INFO - 2024-02-03 13:12:46 --> Session: Class initialized using 'CodeIgniter\Session\Handlers\FileHandler' driver.
INFO - 2024-02-03 13:12:48 --> Session: Class initialized using 'CodeIgniter\Session\Handlers\FileHandler' driver.
INFO - 2024-02-03 13:12:52 --> Session: Class initialized using 'CodeIgniter\Session\Handlers\FileHandler' driver.
INFO - 2024-02-03 13:13:16 --> Session: Class initialized using 'CodeIgniter\Session\Handlers\FileHandler' driver.
INFO - 2024-02-03 13:13:19 --> Session: Class initialized using 'CodeIgniter\Session\Handlers\FileHandler' driver.
INFO - 2024-02-03 13:14:12 --> Session: Class initialized using 'CodeIgniter\Session\Handlers\FileHandler' driver.
INFO - 2024-02-03 13:14:18 --> Session: Class initialized using 'CodeIgniter\Session\Handlers\FileHandler' driver.
INFO - 2024-02-03 13:14:33 --> Session: Class initialized using 'CodeIgniter\Session\Handlers\FileHandler' driver.
INFO - 2024-02-03 13:14:39 --> Session: Class initialized using 'CodeIgniter\Session\Handlers\FileHandler' driver.
INFO - 2024-02-03 13:15:38 --> Session: Class initialized using 'CodeIgniter\Session\Handlers\FileHandler' driver.
INFO - 2024-02-03 13:15:45 --> Session: Class initialized using 'CodeIgniter\Session\Handlers\FileHandler' driver.
INFO - 2024-02-03 13:17:14 --> Session: Class initialized using 'CodeIgniter\Session\Handlers\FileHandler' driver.
INFO - 2024-02-03 13:17:21 --> Session: Class initialized using 'CodeIgniter\Session\Handlers\FileHandler' driver.
INFO - 2024-02-03 13:19:07 --> Session: Class initialized using 'CodeIgniter\Session\Handlers\FileHandler' driver.
INFO - 2024-02-03 13:19:52 --> Session: Class initialized using 'CodeIgniter\Session\Handlers\FileHandler' driver.
INFO - 2024-02-03 13:20:35 --> Session: Class initialized using 'CodeIgniter\Session\Handlers\FileHandler' driver.
INFO - 2024-02-03 13:20:51 --> Session: Class initialized using 'CodeIgniter\Session\Handlers\FileHandler' driver.
INFO - 2024-02-03 13:20:56 --> Session: Class initialized using 'CodeIgniter\Session\Handlers\FileHandler' driver.
INFO - 2024-02-03 13:21:22 --> Session: Class initialized using 'CodeIgniter\Session\Handlers\FileHandler' driver.
INFO - 2024-02-03 13:21:25 --> Session: Class initialized using 'CodeIgniter\Session\Handlers\FileHandler' driver.
INFO - 2024-02-03 13:22:38 --> Session: Class initialized using 'CodeIgniter\Session\Handlers\FileHandler' driver.
CRITICAL - 2024-02-03 13:22:38 --> Undefined property: stdClass::$id
in APPPATH\Views\vistas\update_persona_view.php on line 25.
 1 APPPATH\Views\vistas\update_persona_view.php(25): CodeIgniter\Debug\Exceptions->errorHandler(2, 'Undefined property: stdClass::$id', 'C:\\xampp\\htdocs\\proyectos\\app\\Views\\vistas\\update_persona_view.php', 25)
 2 SYSTEMPATH\View\View.php(228): include('C:\\xampp\\htdocs\\proyectos\\app\\Views\\vistas\\update_persona_view.php')
 3 SYSTEMPATH\View\View.php(231): CodeIgniter\View\View->CodeIgniter\View\{closure}()
 4 SYSTEMPATH\Common.php(1190): CodeIgniter\View\View->render('vistas/update_persona_view.php', [], true)
 5 APPPATH\Controllers\Personal.php(54): view('vistas/update_persona_view.php', [...])
 6 SYSTEMPATH\CodeIgniter.php(942): App\Controllers\Personal->actualizarPersonal('1')
 7 SYSTEMPATH\CodeIgniter.php(502): CodeIgniter\CodeIgniter->runController(Object(App\Controllers\Personal))
 8 SYSTEMPATH\CodeIgniter.php(361): CodeIgniter\CodeIgniter->handleRequest(null, Object(Config\Cache), false)
 9 FCPATH\index.php(79): CodeIgniter\CodeIgniter->run()
INFO - 2024-02-03 13:23:00 --> Session: Class initialized using 'CodeIgniter\Session\Handlers\FileHandler' driver.
INFO - 2024-02-03 13:23:06 --> Session: Class initialized using 'CodeIgniter\Session\Handlers\FileHandler' driver.
INFO - 2024-02-03 13:23:13 --> Session: Class initialized using 'CodeIgniter\Session\Handlers\FileHandler' driver.
INFO - 2024-02-03 13:23:33 --> Session: Class initialized using 'CodeIgniter\Session\Handlers\FileHandler' driver.
INFO - 2024-02-03 13:45:20 --> Session: Class initialized using 'CodeIgniter\Session\Handlers\FileHandler' driver.
CRITICAL - 2024-02-03 13:45:20 --> Class "App\Models\DateTime" not found
in APPPATH\Models\Persona.php on line 93.
 1 APPPATH\Controllers\Personal.php(65): App\Models\Persona->actualizarDatosDePersonal('sophia', 'sofey', '1992-02-03', 'bitch@gmail.com', '2', 'una de por ahy')
 2 SYSTEMPATH\CodeIgniter.php(942): App\Controllers\Personal->actualizacionDePersonal()
 3 SYSTEMPATH\CodeIgniter.php(502): CodeIgniter\CodeIgniter->runController(Object(App\Controllers\Personal))
 4 SYSTEMPATH\CodeIgniter.php(361): CodeIgniter\CodeIgniter->handleRequest(null, Object(Config\Cache), false)
 5 FCPATH\index.php(79): CodeIgniter\CodeIgniter->run()
INFO - 2024-02-03 13:47:38 --> Session: Class initialized using 'CodeIgniter\Session\Handlers\FileHandler' driver.
INFO - 2024-02-03 13:47:57 --> Session: Class initialized using 'CodeIgniter\Session\Handlers\FileHandler' driver.
INFO - 2024-02-03 13:48:03 --> Session: Class initialized using 'CodeIgniter\Session\Handlers\FileHandler' driver.
INFO - 2024-02-03 13:48:14 --> Session: Class initialized using 'CodeIgniter\Session\Handlers\FileHandler' driver.
CRITICAL - 2024-02-03 13:48:14 --> Class "App\Models\DateTime" not found
in APPPATH\Models\Persona.php on line 93.
 1 APPPATH\Controllers\Personal.php(65): App\Models\Persona->actualizarDatosDePersonal('manuel', 'lima valle', '2023-12-31', 'alexlimavalle@gmail.com', '3', 'hola')
 2 SYSTEMPATH\CodeIgniter.php(942): App\Controllers\Personal->actualizacionDePersonal()
 3 SYSTEMPATH\CodeIgniter.php(502): CodeIgniter\CodeIgniter->runController(Object(App\Controllers\Personal))
 4 SYSTEMPATH\CodeIgniter.php(361): CodeIgniter\CodeIgniter->handleRequest(null, Object(Config\Cache), false)
 5 FCPATH\index.php(79): CodeIgniter\CodeIgniter->run()
INFO - 2024-02-03 13:49:01 --> Session: Class initialized using 'CodeIgniter\Session\Handlers\FileHandler' driver.
INFO - 2024-02-03 13:49:05 --> Session: Class initialized using 'CodeIgniter\Session\Handlers\FileHandler' driver.
CRITICAL - 2024-02-03 13:49:05 --> Class "App\Models\DateTime" not found
in APPPATH\Models\Persona.php on line 93.
 1 APPPATH\Controllers\Personal.php(65): App\Models\Persona->actualizarDatosDePersonal('manuel', 'lima valle', '2023-12-31', 'alexlimavalle@gmail.com', '3', 'hola')
 2 SYSTEMPATH\CodeIgniter.php(942): App\Controllers\Personal->actualizacionDePersonal()
 3 SYSTEMPATH\CodeIgniter.php(502): CodeIgniter\CodeIgniter->runController(Object(App\Controllers\Personal))
 4 SYSTEMPATH\CodeIgniter.php(361): CodeIgniter\CodeIgniter->handleRequest(null, Object(Config\Cache), false)
 5 FCPATH\index.php(79): CodeIgniter\CodeIgniter->run()
INFO - 2024-02-03 13:49:19 --> Session: Class initialized using 'CodeIgniter\Session\Handlers\FileHandler' driver.
CRITICAL - 2024-02-03 13:49:19 --> Class "App\Models\DateTime" not found
in APPPATH\Models\Persona.php on line 93.
 1 APPPATH\Controllers\Personal.php(65): App\Models\Persona->actualizarDatosDePersonal('manuel', 'lima valle', '2023-12-31', 'alexlimavalle@gmail.com', '3', 'hola')
 2 SYSTEMPATH\CodeIgniter.php(942): App\Controllers\Personal->actualizacionDePersonal()
 3 SYSTEMPATH\CodeIgniter.php(502): CodeIgniter\CodeIgniter->runController(Object(App\Controllers\Personal))
 4 SYSTEMPATH\CodeIgniter.php(361): CodeIgniter\CodeIgniter->handleRequest(null, Object(Config\Cache), false)
 5 FCPATH\index.php(79): CodeIgniter\CodeIgniter->run()
INFO - 2024-02-03 13:49:55 --> Session: Class initialized using 'CodeIgniter\Session\Handlers\FileHandler' driver.
INFO - 2024-02-03 13:49:59 --> Session: Class initialized using 'CodeIgniter\Session\Handlers\FileHandler' driver.
INFO - 2024-02-03 13:49:59 --> Session: Class initialized using 'CodeIgniter\Session\Handlers\FileHandler' driver.
INFO - 2024-02-03 13:51:03 --> Session: Class initialized using 'CodeIgniter\Session\Handlers\FileHandler' driver.
INFO - 2024-02-03 13:51:08 --> Session: Class initialized using 'CodeIgniter\Session\Handlers\FileHandler' driver.
INFO - 2024-02-03 13:51:08 --> Session: Class initialized using 'CodeIgniter\Session\Handlers\FileHandler' driver.
INFO - 2024-02-03 13:52:00 --> Session: Class initialized using 'CodeIgniter\Session\Handlers\FileHandler' driver.
INFO - 2024-02-03 13:52:06 --> Session: Class initialized using 'CodeIgniter\Session\Handlers\FileHandler' driver.
INFO - 2024-02-03 13:52:16 --> Session: Class initialized using 'CodeIgniter\Session\Handlers\FileHandler' driver.
INFO - 2024-02-03 13:52:16 --> Session: Class initialized using 'CodeIgniter\Session\Handlers\FileHandler' driver.
INFO - 2024-02-03 13:52:16 --> Session: Class initialized using 'CodeIgniter\Session\Handlers\FileHandler' driver.
INFO - 2024-02-03 13:52:16 --> Session: Class initialized using 'CodeIgniter\Session\Handlers\FileHandler' driver.
INFO - 2024-02-03 13:52:36 --> Session: Class initialized using 'CodeIgniter\Session\Handlers\FileHandler' driver.
INFO - 2024-02-03 13:52:40 --> Session: Class initialized using 'CodeIgniter\Session\Handlers\FileHandler' driver.
INFO - 2024-02-03 13:52:45 --> Session: Class initialized using 'CodeIgniter\Session\Handlers\FileHandler' driver.
INFO - 2024-02-03 14:11:19 --> Session: Class initialized using 'CodeIgniter\Session\Handlers\FileHandler' driver.
INFO - 2024-02-03 14:11:24 --> Session: Class initialized using 'CodeIgniter\Session\Handlers\FileHandler' driver.
INFO - 2024-02-03 14:12:22 --> Session: Class initialized using 'CodeIgniter\Session\Handlers\FileHandler' driver.
ERROR - 2024-02-03 14:12:22 --> mysqli_sql_exception: Unknown column 'id' in 'field list' in C:\xampp\htdocs\proyectos\system\Database\MySQLi\Connection.php:306
Stack trace:
#0 C:\xampp\htdocs\proyectos\system\Database\MySQLi\Connection.php(306): mysqli->query('UPDATE `persona...', 0)
#1 C:\xampp\htdocs\proyectos\system\Database\BaseConnection.php(693): CodeIgniter\Database\MySQLi\Connection->execute('UPDATE `persona...')
#2 C:\xampp\htdocs\proyectos\system\Database\BaseConnection.php(607): CodeIgniter\Database\BaseConnection->simpleQuery('UPDATE `persona...')
#3 C:\xampp\htdocs\proyectos\system\Database\BaseBuilder.php(2475): CodeIgniter\Database\BaseConnection->query('UPDATE `persona...', Array, false)
#4 C:\xampp\htdocs\proyectos\app\Models\Persona.php(112): CodeIgniter\Database\BaseBuilder->update(Array)
#5 C:\xampp\htdocs\proyectos\app\Controllers\Personal.php(65): App\Models\Persona->actualizarDatosDePersonal('alex manuel', 'lima', '1999-05-24', 'manuel24051999@...', '1', 'un cambio')
#6 C:\xampp\htdocs\proyectos\system\CodeIgniter.php(942): App\Controllers\Personal->actualizacionDePersonal()
#7 C:\xampp\htdocs\proyectos\system\CodeIgniter.php(502): CodeIgniter\CodeIgniter->runController(Object(App\Controllers\Personal))
#8 C:\xampp\htdocs\proyectos\system\CodeIgniter.php(361): CodeIgniter\CodeIgniter->handleRequest(NULL, Object(Config\Cache), false)
#9 C:\xampp\htdocs\proyectos\public\index.php(79): CodeIgniter\CodeIgniter->run()
#10 {main}
CRITICAL - 2024-02-03 14:12:22 --> Unknown column 'id' in 'field list'
in SYSTEMPATH\Database\BaseConnection.php on line 647.
 1 SYSTEMPATH\Database\BaseBuilder.php(2475): CodeIgniter\Database\BaseConnection->query('UPDATE `personas` SET `id` = :id:, `nombre` = :nombre:, `apellidos` = :apellidos:, `email` = :email:, `edad` = :edad:, `fecha_nacimiento` = :fecha_nacimiento:, `update_by` = :update_by:, `update_to` = :update_to:, `informacion` = :informacion:, `id_rol` = :id_rol:', [...], false)
 2 APPPATH\Models\Persona.php(112): CodeIgniter\Database\BaseBuilder->update([...])
 3 APPPATH\Controllers\Personal.php(65): App\Models\Persona->actualizarDatosDePersonal('alex manuel', 'lima', '1999-05-24', 'manuel24051999@gmail.com', '1', 'un cambio')
 4 SYSTEMPATH\CodeIgniter.php(942): App\Controllers\Personal->actualizacionDePersonal()
 5 SYSTEMPATH\CodeIgniter.php(502): CodeIgniter\CodeIgniter->runController(Object(App\Controllers\Personal))
 6 SYSTEMPATH\CodeIgniter.php(361): CodeIgniter\CodeIgniter->handleRequest(null, Object(Config\Cache), false)
 7 FCPATH\index.php(79): CodeIgniter\CodeIgniter->run()
INFO - 2024-02-03 14:12:29 --> Session: Class initialized using 'CodeIgniter\Session\Handlers\FileHandler' driver.
INFO - 2024-02-03 14:12:32 --> Session: Class initialized using 'CodeIgniter\Session\Handlers\FileHandler' driver.
INFO - 2024-02-03 14:12:39 --> Session: Class initialized using 'CodeIgniter\Session\Handlers\FileHandler' driver.
INFO - 2024-02-03 14:13:24 --> Session: Class initialized using 'CodeIgniter\Session\Handlers\FileHandler' driver.
ERROR - 2024-02-03 14:13:24 --> mysqli_sql_exception: Unknown column 'id' in 'field list' in C:\xampp\htdocs\proyectos\system\Database\MySQLi\Connection.php:306
Stack trace:
#0 C:\xampp\htdocs\proyectos\system\Database\MySQLi\Connection.php(306): mysqli->query('UPDATE `persona...', 0)
#1 C:\xampp\htdocs\proyectos\system\Database\BaseConnection.php(693): CodeIgniter\Database\MySQLi\Connection->execute('UPDATE `persona...')
#2 C:\xampp\htdocs\proyectos\system\Database\BaseConnection.php(607): CodeIgniter\Database\BaseConnection->simpleQuery('UPDATE `persona...')
#3 C:\xampp\htdocs\proyectos\system\Database\BaseBuilder.php(2475): CodeIgniter\Database\BaseConnection->query('UPDATE `persona...', Array, false)
#4 C:\xampp\htdocs\proyectos\app\Models\Persona.php(112): CodeIgniter\Database\BaseBuilder->update(Array)
#5 C:\xampp\htdocs\proyectos\app\Controllers\Personal.php(65): App\Models\Persona->actualizarDatosDePersonal('alex', 'lima', '1999-05-24', 'manuel24051999@...', '1', 'un cambio')
#6 C:\xampp\htdocs\proyectos\system\CodeIgniter.php(942): App\Controllers\Personal->actualizacionDePersonal()
#7 C:\xampp\htdocs\proyectos\system\CodeIgniter.php(502): CodeIgniter\CodeIgniter->runController(Object(App\Controllers\Personal))
#8 C:\xampp\htdocs\proyectos\system\CodeIgniter.php(361): CodeIgniter\CodeIgniter->handleRequest(NULL, Object(Config\Cache), false)
#9 C:\xampp\htdocs\proyectos\public\index.php(79): CodeIgniter\CodeIgniter->run()
#10 {main}
CRITICAL - 2024-02-03 14:13:24 --> Unknown column 'id' in 'field list'
in SYSTEMPATH\Database\BaseConnection.php on line 647.
 1 SYSTEMPATH\Database\BaseBuilder.php(2475): CodeIgniter\Database\BaseConnection->query('UPDATE `personas` SET `id` = :id:, `nombre` = :nombre:, `apellidos` = :apellidos:, `email` = :email:, `edad` = :edad:, `fecha_nacimiento` = :fecha_nacimiento:, `update_by` = :update_by:, `update_to` = :update_to:, `informacion` = :informacion:, `id_rol` = :id_rol:', [...], false)
 2 APPPATH\Models\Persona.php(112): CodeIgniter\Database\BaseBuilder->update([...])
 3 APPPATH\Controllers\Personal.php(65): App\Models\Persona->actualizarDatosDePersonal('alex', 'lima', '1999-05-24', 'manuel24051999@gmail.com', '1', 'un cambio')
 4 SYSTEMPATH\CodeIgniter.php(942): App\Controllers\Personal->actualizacionDePersonal()
 5 SYSTEMPATH\CodeIgniter.php(502): CodeIgniter\CodeIgniter->runController(Object(App\Controllers\Personal))
 6 SYSTEMPATH\CodeIgniter.php(361): CodeIgniter\CodeIgniter->handleRequest(null, Object(Config\Cache), false)
 7 FCPATH\index.php(79): CodeIgniter\CodeIgniter->run()
INFO - 2024-02-03 14:13:26 --> Session: Class initialized using 'CodeIgniter\Session\Handlers\FileHandler' driver.
ERROR - 2024-02-03 14:13:26 --> mysqli_sql_exception: Unknown column 'id' in 'field list' in C:\xampp\htdocs\proyectos\system\Database\MySQLi\Connection.php:306
Stack trace:
#0 C:\xampp\htdocs\proyectos\system\Database\MySQLi\Connection.php(306): mysqli->query('UPDATE `persona...', 0)
#1 C:\xampp\htdocs\proyectos\system\Database\BaseConnection.php(693): CodeIgniter\Database\MySQLi\Connection->execute('UPDATE `persona...')
#2 C:\xampp\htdocs\proyectos\system\Database\BaseConnection.php(607): CodeIgniter\Database\BaseConnection->simpleQuery('UPDATE `persona...')
#3 C:\xampp\htdocs\proyectos\system\Database\BaseBuilder.php(2475): CodeIgniter\Database\BaseConnection->query('UPDATE `persona...', Array, false)
#4 C:\xampp\htdocs\proyectos\app\Models\Persona.php(112): CodeIgniter\Database\BaseBuilder->update(Array)
#5 C:\xampp\htdocs\proyectos\app\Controllers\Personal.php(65): App\Models\Persona->actualizarDatosDePersonal('alex', 'lima', '1999-05-24', 'manuel24051999@...', '1', 'un cambio')
#6 C:\xampp\htdocs\proyectos\system\CodeIgniter.php(942): App\Controllers\Personal->actualizacionDePersonal()
#7 C:\xampp\htdocs\proyectos\system\CodeIgniter.php(502): CodeIgniter\CodeIgniter->runController(Object(App\Controllers\Personal))
#8 C:\xampp\htdocs\proyectos\system\CodeIgniter.php(361): CodeIgniter\CodeIgniter->handleRequest(NULL, Object(Config\Cache), false)
#9 C:\xampp\htdocs\proyectos\public\index.php(79): CodeIgniter\CodeIgniter->run()
#10 {main}
CRITICAL - 2024-02-03 14:13:26 --> Unknown column 'id' in 'field list'
in SYSTEMPATH\Database\BaseConnection.php on line 647.
 1 SYSTEMPATH\Database\BaseBuilder.php(2475): CodeIgniter\Database\BaseConnection->query('UPDATE `personas` SET `id` = :id:, `nombre` = :nombre:, `apellidos` = :apellidos:, `email` = :email:, `edad` = :edad:, `fecha_nacimiento` = :fecha_nacimiento:, `update_by` = :update_by:, `update_to` = :update_to:, `informacion` = :informacion:, `id_rol` = :id_rol:', [...], false)
 2 APPPATH\Models\Persona.php(112): CodeIgniter\Database\BaseBuilder->update([...])
 3 APPPATH\Controllers\Personal.php(65): App\Models\Persona->actualizarDatosDePersonal('alex', 'lima', '1999-05-24', 'manuel24051999@gmail.com', '1', 'un cambio')
 4 SYSTEMPATH\CodeIgniter.php(942): App\Controllers\Personal->actualizacionDePersonal()
 5 SYSTEMPATH\CodeIgniter.php(502): CodeIgniter\CodeIgniter->runController(Object(App\Controllers\Personal))
 6 SYSTEMPATH\CodeIgniter.php(361): CodeIgniter\CodeIgniter->handleRequest(null, Object(Config\Cache), false)
 7 FCPATH\index.php(79): CodeIgniter\CodeIgniter->run()
INFO - 2024-02-03 14:13:26 --> Session: Class initialized using 'CodeIgniter\Session\Handlers\FileHandler' driver.
ERROR - 2024-02-03 14:13:26 --> mysqli_sql_exception: Unknown column 'id' in 'field list' in C:\xampp\htdocs\proyectos\system\Database\MySQLi\Connection.php:306
Stack trace:
#0 C:\xampp\htdocs\proyectos\system\Database\MySQLi\Connection.php(306): mysqli->query('UPDATE `persona...', 0)
#1 C:\xampp\htdocs\proyectos\system\Database\BaseConnection.php(693): CodeIgniter\Database\MySQLi\Connection->execute('UPDATE `persona...')
#2 C:\xampp\htdocs\proyectos\system\Database\BaseConnection.php(607): CodeIgniter\Database\BaseConnection->simpleQuery('UPDATE `persona...')
#3 C:\xampp\htdocs\proyectos\system\Database\BaseBuilder.php(2475): CodeIgniter\Database\BaseConnection->query('UPDATE `persona...', Array, false)
#4 C:\xampp\htdocs\proyectos\app\Models\Persona.php(112): CodeIgniter\Database\BaseBuilder->update(Array)
#5 C:\xampp\htdocs\proyectos\app\Controllers\Personal.php(65): App\Models\Persona->actualizarDatosDePersonal('alex', 'lima', '1999-05-24', 'manuel24051999@...', '1', 'un cambio')
#6 C:\xampp\htdocs\proyectos\system\CodeIgniter.php(942): App\Controllers\Personal->actualizacionDePersonal()
#7 C:\xampp\htdocs\proyectos\system\CodeIgniter.php(502): CodeIgniter\CodeIgniter->runController(Object(App\Controllers\Personal))
#8 C:\xampp\htdocs\proyectos\system\CodeIgniter.php(361): CodeIgniter\CodeIgniter->handleRequest(NULL, Object(Config\Cache), false)
#9 C:\xampp\htdocs\proyectos\public\index.php(79): CodeIgniter\CodeIgniter->run()
#10 {main}
CRITICAL - 2024-02-03 14:13:26 --> Unknown column 'id' in 'field list'
in SYSTEMPATH\Database\BaseConnection.php on line 647.
 1 SYSTEMPATH\Database\BaseBuilder.php(2475): CodeIgniter\Database\BaseConnection->query('UPDATE `personas` SET `id` = :id:, `nombre` = :nombre:, `apellidos` = :apellidos:, `email` = :email:, `edad` = :edad:, `fecha_nacimiento` = :fecha_nacimiento:, `update_by` = :update_by:, `update_to` = :update_to:, `informacion` = :informacion:, `id_rol` = :id_rol:', [...], false)
 2 APPPATH\Models\Persona.php(112): CodeIgniter\Database\BaseBuilder->update([...])
 3 APPPATH\Controllers\Personal.php(65): App\Models\Persona->actualizarDatosDePersonal('alex', 'lima', '1999-05-24', 'manuel24051999@gmail.com', '1', 'un cambio')
 4 SYSTEMPATH\CodeIgniter.php(942): App\Controllers\Personal->actualizacionDePersonal()
 5 SYSTEMPATH\CodeIgniter.php(502): CodeIgniter\CodeIgniter->runController(Object(App\Controllers\Personal))
 6 SYSTEMPATH\CodeIgniter.php(361): CodeIgniter\CodeIgniter->handleRequest(null, Object(Config\Cache), false)
 7 FCPATH\index.php(79): CodeIgniter\CodeIgniter->run()
INFO - 2024-02-03 14:13:33 --> Session: Class initialized using 'CodeIgniter\Session\Handlers\FileHandler' driver.
ERROR - 2024-02-03 14:13:33 --> mysqli_sql_exception: Unknown column 'id' in 'field list' in C:\xampp\htdocs\proyectos\system\Database\MySQLi\Connection.php:306
Stack trace:
#0 C:\xampp\htdocs\proyectos\system\Database\MySQLi\Connection.php(306): mysqli->query('UPDATE `persona...', 0)
#1 C:\xampp\htdocs\proyectos\system\Database\BaseConnection.php(693): CodeIgniter\Database\MySQLi\Connection->execute('UPDATE `persona...')
#2 C:\xampp\htdocs\proyectos\system\Database\BaseConnection.php(607): CodeIgniter\Database\BaseConnection->simpleQuery('UPDATE `persona...')
#3 C:\xampp\htdocs\proyectos\system\Database\BaseBuilder.php(2475): CodeIgniter\Database\BaseConnection->query('UPDATE `persona...', Array, false)
#4 C:\xampp\htdocs\proyectos\app\Models\Persona.php(112): CodeIgniter\Database\BaseBuilder->update(Array)
#5 C:\xampp\htdocs\proyectos\app\Controllers\Personal.php(65): App\Models\Persona->actualizarDatosDePersonal('alex', 'lima', '1999-05-24', 'manuel24051999@...', '1', 'un cambio')
#6 C:\xampp\htdocs\proyectos\system\CodeIgniter.php(942): App\Controllers\Personal->actualizacionDePersonal()
#7 C:\xampp\htdocs\proyectos\system\CodeIgniter.php(502): CodeIgniter\CodeIgniter->runController(Object(App\Controllers\Personal))
#8 C:\xampp\htdocs\proyectos\system\CodeIgniter.php(361): CodeIgniter\CodeIgniter->handleRequest(NULL, Object(Config\Cache), false)
#9 C:\xampp\htdocs\proyectos\public\index.php(79): CodeIgniter\CodeIgniter->run()
#10 {main}
CRITICAL - 2024-02-03 14:13:33 --> Unknown column 'id' in 'field list'
in SYSTEMPATH\Database\BaseConnection.php on line 647.
 1 SYSTEMPATH\Database\BaseBuilder.php(2475): CodeIgniter\Database\BaseConnection->query('UPDATE `personas` SET `id` = :id:, `nombre` = :nombre:, `apellidos` = :apellidos:, `email` = :email:, `edad` = :edad:, `fecha_nacimiento` = :fecha_nacimiento:, `update_by` = :update_by:, `update_to` = :update_to:, `informacion` = :informacion:, `id_rol` = :id_rol:', [...], false)
 2 APPPATH\Models\Persona.php(112): CodeIgniter\Database\BaseBuilder->update([...])
 3 APPPATH\Controllers\Personal.php(65): App\Models\Persona->actualizarDatosDePersonal('alex', 'lima', '1999-05-24', 'manuel24051999@gmail.com', '1', 'un cambio')
 4 SYSTEMPATH\CodeIgniter.php(942): App\Controllers\Personal->actualizacionDePersonal()
 5 SYSTEMPATH\CodeIgniter.php(502): CodeIgniter\CodeIgniter->runController(Object(App\Controllers\Personal))
 6 SYSTEMPATH\CodeIgniter.php(361): CodeIgniter\CodeIgniter->handleRequest(null, Object(Config\Cache), false)
 7 FCPATH\index.php(79): CodeIgniter\CodeIgniter->run()
INFO - 2024-02-03 14:13:44 --> Session: Class initialized using 'CodeIgniter\Session\Handlers\FileHandler' driver.
ERROR - 2024-02-03 14:13:44 --> mysqli_sql_exception: Unknown column 'id' in 'field list' in C:\xampp\htdocs\proyectos\system\Database\MySQLi\Connection.php:306
Stack trace:
#0 C:\xampp\htdocs\proyectos\system\Database\MySQLi\Connection.php(306): mysqli->query('UPDATE `persona...', 0)
#1 C:\xampp\htdocs\proyectos\system\Database\BaseConnection.php(693): CodeIgniter\Database\MySQLi\Connection->execute('UPDATE `persona...')
#2 C:\xampp\htdocs\proyectos\system\Database\BaseConnection.php(607): CodeIgniter\Database\BaseConnection->simpleQuery('UPDATE `persona...')
#3 C:\xampp\htdocs\proyectos\system\Database\BaseBuilder.php(2475): CodeIgniter\Database\BaseConnection->query('UPDATE `persona...', Array, false)
#4 C:\xampp\htdocs\proyectos\app\Models\Persona.php(112): CodeIgniter\Database\BaseBuilder->update(Array)
#5 C:\xampp\htdocs\proyectos\app\Controllers\Personal.php(65): App\Models\Persona->actualizarDatosDePersonal('alex', 'lima', '1999-05-24', 'manuel24051999@...', '1', 'un cambio')
#6 C:\xampp\htdocs\proyectos\system\CodeIgniter.php(942): App\Controllers\Personal->actualizacionDePersonal()
#7 C:\xampp\htdocs\proyectos\system\CodeIgniter.php(502): CodeIgniter\CodeIgniter->runController(Object(App\Controllers\Personal))
#8 C:\xampp\htdocs\proyectos\system\CodeIgniter.php(361): CodeIgniter\CodeIgniter->handleRequest(NULL, Object(Config\Cache), false)
#9 C:\xampp\htdocs\proyectos\public\index.php(79): CodeIgniter\CodeIgniter->run()
#10 {main}
CRITICAL - 2024-02-03 14:13:44 --> Unknown column 'id' in 'field list'
in SYSTEMPATH\Database\BaseConnection.php on line 647.
 1 SYSTEMPATH\Database\BaseBuilder.php(2475): CodeIgniter\Database\BaseConnection->query('UPDATE `personas` SET `id` = :id:, `nombre` = :nombre:, `apellidos` = :apellidos:, `email` = :email:, `edad` = :edad:, `fecha_nacimiento` = :fecha_nacimiento:, `update_by` = :update_by:, `update_to` = :update_to:, `informacion` = :informacion:, `id_rol` = :id_rol:', [...], false)
 2 APPPATH\Models\Persona.php(112): CodeIgniter\Database\BaseBuilder->update([...])
 3 APPPATH\Controllers\Personal.php(65): App\Models\Persona->actualizarDatosDePersonal('alex', 'lima', '1999-05-24', 'manuel24051999@gmail.com', '1', 'un cambio')
 4 SYSTEMPATH\CodeIgniter.php(942): App\Controllers\Personal->actualizacionDePersonal()
 5 SYSTEMPATH\CodeIgniter.php(502): CodeIgniter\CodeIgniter->runController(Object(App\Controllers\Personal))
 6 SYSTEMPATH\CodeIgniter.php(361): CodeIgniter\CodeIgniter->handleRequest(null, Object(Config\Cache), false)
 7 FCPATH\index.php(79): CodeIgniter\CodeIgniter->run()
INFO - 2024-02-03 14:25:02 --> Session: Class initialized using 'CodeIgniter\Session\Handlers\FileHandler' driver.
INFO - 2024-02-03 14:25:52 --> Session: Class initialized using 'CodeIgniter\Session\Handlers\FileHandler' driver.
CRITICAL - 2024-02-03 14:25:52 --> Too few arguments to function App\Models\Persona::actualizarDatosDePersonal(), 6 passed in C:\xampp\htdocs\proyectos\app\Controllers\Personal.php on line 66 and exactly 7 expected
in APPPATH\Models\Persona.php on line 92.
 1 APPPATH\Controllers\Personal.php(66): App\Models\Persona->actualizarDatosDePersonal('alex', 'lima', '1999-05-24', 'manuel24051999@gmail.com', '1', 'una actualizacion')
 2 SYSTEMPATH\CodeIgniter.php(942): App\Controllers\Personal->actualizacionDePersonal()
 3 SYSTEMPATH\CodeIgniter.php(502): CodeIgniter\CodeIgniter->runController(Object(App\Controllers\Personal))
 4 SYSTEMPATH\CodeIgniter.php(361): CodeIgniter\CodeIgniter->handleRequest(null, Object(Config\Cache), false)
 5 FCPATH\index.php(79): CodeIgniter\CodeIgniter->run()
INFO - 2024-02-03 14:26:52 --> Session: Class initialized using 'CodeIgniter\Session\Handlers\FileHandler' driver.
INFO - 2024-02-03 14:26:57 --> Session: Class initialized using 'CodeIgniter\Session\Handlers\FileHandler' driver.
CRITICAL - 2024-02-03 14:26:57 --> Too few arguments to function App\Models\Persona::actualizarDatosDePersonal(), 6 passed in C:\xampp\htdocs\proyectos\app\Controllers\Personal.php on line 66 and exactly 7 expected
in APPPATH\Models\Persona.php on line 92.
 1 APPPATH\Controllers\Personal.php(66): App\Models\Persona->actualizarDatosDePersonal('manuel', 'lima valle', '2023-12-31', 'alexlimavalle@gmail.com', '3', 'hola')
 2 SYSTEMPATH\CodeIgniter.php(942): App\Controllers\Personal->actualizacionDePersonal()
 3 SYSTEMPATH\CodeIgniter.php(502): CodeIgniter\CodeIgniter->runController(Object(App\Controllers\Personal))
 4 SYSTEMPATH\CodeIgniter.php(361): CodeIgniter\CodeIgniter->handleRequest(null, Object(Config\Cache), false)
 5 FCPATH\index.php(79): CodeIgniter\CodeIgniter->run()
INFO - 2024-02-03 14:28:04 --> Session: Class initialized using 'CodeIgniter\Session\Handlers\FileHandler' driver.
INFO - 2024-02-03 14:28:33 --> Session: Class initialized using 'CodeIgniter\Session\Handlers\FileHandler' driver.
INFO - 2024-02-03 14:28:38 --> Session: Class initialized using 'CodeIgniter\Session\Handlers\FileHandler' driver.
CRITICAL - 2024-02-03 14:28:38 --> Too few arguments to function App\Models\Persona::actualizarDatosDePersonal(), 6 passed in C:\xampp\htdocs\proyectos\app\Controllers\Personal.php on line 66 and exactly 7 expected
in APPPATH\Models\Persona.php on line 92.
 1 APPPATH\Controllers\Personal.php(66): App\Models\Persona->actualizarDatosDePersonal('manuel', 'lima valle', '2023-12-31', 'alexlimavalle@gmail.com', '3', 'hola')
 2 SYSTEMPATH\CodeIgniter.php(942): App\Controllers\Personal->actualizacionDePersonal()
 3 SYSTEMPATH\CodeIgniter.php(502): CodeIgniter\CodeIgniter->runController(Object(App\Controllers\Personal))
 4 SYSTEMPATH\CodeIgniter.php(361): CodeIgniter\CodeIgniter->handleRequest(null, Object(Config\Cache), false)
 5 FCPATH\index.php(79): CodeIgniter\CodeIgniter->run()
INFO - 2024-02-03 14:29:20 --> Session: Class initialized using 'CodeIgniter\Session\Handlers\FileHandler' driver.
INFO - 2024-02-03 14:29:22 --> Session: Class initialized using 'CodeIgniter\Session\Handlers\FileHandler' driver.
CRITICAL - 2024-02-03 14:29:27 --> unlink(C:\xampp\htdocs\proyectos\writable\debugbar/debugbar_1706968268.702249.json): No such file or directory
in SYSTEMPATH\Debug\Toolbar\Collectors\History.php on line 80.
 1 [internal function]: CodeIgniter\Debug\Exceptions->errorHandler(2, 'unlink(C:\\xampp\\htdocs\\proyectos\\writable\\debugbar/debugbar_1706968268.702249.json): No such file or directory', 'C:\\xampp\\htdocs\\proyectos\\system\\Debug\\Toolbar\\Collectors\\History.php', 80)
 2 SYSTEMPATH\Debug\Toolbar\Collectors\History.php(80): unlink('C:\\xampp\\htdocs\\proyectos\\writable\\debugbar/debugbar_1706968268.702249.json')
 3 SYSTEMPATH\Debug\Toolbar.php(497): CodeIgniter\Debug\Toolbar\Collectors\History->setFiles('1706970560.627052', 20)
 4 SYSTEMPATH\Debug\Toolbar.php(476): CodeIgniter\Debug\Toolbar->format([...], 'html')
 5 APPPATH\Config\Events.php(47): CodeIgniter\Debug\Toolbar->respond()
 6 SYSTEMPATH\Events\Events.php(154): CodeIgniter\Events\Events::Config\{closure}()
 7 SYSTEMPATH\CodeIgniter.php(442): CodeIgniter\Events\Events::trigger('pre_system')
 8 SYSTEMPATH\CodeIgniter.php(361): CodeIgniter\CodeIgniter->handleRequest(null, Object(Config\Cache), false)
 9 FCPATH\index.php(79): CodeIgniter\CodeIgniter->run()
INFO - 2024-02-03 14:29:58 --> Session: Class initialized using 'CodeIgniter\Session\Handlers\FileHandler' driver.
ERROR - 2024-02-03 14:29:58 --> mysqli_sql_exception: Unknown column 'id' in 'field list' in C:\xampp\htdocs\proyectos\system\Database\MySQLi\Connection.php:306
Stack trace:
#0 C:\xampp\htdocs\proyectos\system\Database\MySQLi\Connection.php(306): mysqli->query('UPDATE `persona...', 0)
#1 C:\xampp\htdocs\proyectos\system\Database\BaseConnection.php(693): CodeIgniter\Database\MySQLi\Connection->execute('UPDATE `persona...')
#2 C:\xampp\htdocs\proyectos\system\Database\BaseConnection.php(607): CodeIgniter\Database\BaseConnection->simpleQuery('UPDATE `persona...')
#3 C:\xampp\htdocs\proyectos\system\Database\BaseBuilder.php(2475): CodeIgniter\Database\BaseConnection->query('UPDATE `persona...', Array, false)
#4 C:\xampp\htdocs\proyectos\app\Models\Persona.php(113): CodeIgniter\Database\BaseBuilder->update(Array)
#5 C:\xampp\htdocs\proyectos\app\Controllers\Personal.php(66): App\Models\Persona->actualizarDatosDePersonal('1', 'alex', 'lima', '1999-05-24', 'manuel24051999@...', '1', 'un cambio')
#6 C:\xampp\htdocs\proyectos\system\CodeIgniter.php(942): App\Controllers\Personal->actualizacionDePersonal()
#7 C:\xampp\htdocs\proyectos\system\CodeIgniter.php(502): CodeIgniter\CodeIgniter->runController(Object(App\Controllers\Personal))
#8 C:\xampp\htdocs\proyectos\system\CodeIgniter.php(361): CodeIgniter\CodeIgniter->handleRequest(NULL, Object(Config\Cache), false)
#9 C:\xampp\htdocs\proyectos\public\index.php(79): CodeIgniter\CodeIgniter->run()
#10 {main}
CRITICAL - 2024-02-03 14:29:58 --> Unknown column 'id' in 'field list'
in SYSTEMPATH\Database\BaseConnection.php on line 647.
 1 SYSTEMPATH\Database\BaseBuilder.php(2475): CodeIgniter\Database\BaseConnection->query('UPDATE `personas` SET `id` = :id:, `nombre` = :nombre:, `apellidos` = :apellidos:, `email` = :email:, `edad` = :edad:, `fecha_nacimiento` = :fecha_nacimiento:, `update_by` = :update_by:, `update_to` = :update_to:, `informacion` = :informacion:, `id_rol` = :id_rol:
WHERE `id_persona` = :id_persona:', [...], false)
 2 APPPATH\Models\Persona.php(113): CodeIgniter\Database\BaseBuilder->update([...])
 3 APPPATH\Controllers\Personal.php(66): App\Models\Persona->actualizarDatosDePersonal('1', 'alex', 'lima', '1999-05-24', 'manuel24051999@gmail.com', '1', 'un cambio')
 4 SYSTEMPATH\CodeIgniter.php(942): App\Controllers\Personal->actualizacionDePersonal()
 5 SYSTEMPATH\CodeIgniter.php(502): CodeIgniter\CodeIgniter->runController(Object(App\Controllers\Personal))
 6 SYSTEMPATH\CodeIgniter.php(361): CodeIgniter\CodeIgniter->handleRequest(null, Object(Config\Cache), false)
 7 FCPATH\index.php(79): CodeIgniter\CodeIgniter->run()
INFO - 2024-02-03 14:30:58 --> Session: Class initialized using 'CodeIgniter\Session\Handlers\FileHandler' driver.
INFO - 2024-02-03 14:30:58 --> Session: Class initialized using 'CodeIgniter\Session\Handlers\FileHandler' driver.
INFO - 2024-02-03 14:31:42 --> Session: Class initialized using 'CodeIgniter\Session\Handlers\FileHandler' driver.
INFO - 2024-02-03 14:32:21 --> Session: Class initialized using 'CodeIgniter\Session\Handlers\FileHandler' driver.
INFO - 2024-02-03 14:32:22 --> Session: Class initialized using 'CodeIgniter\Session\Handlers\FileHandler' driver.
INFO - 2024-02-03 14:34:24 --> Session: Class initialized using 'CodeIgniter\Session\Handlers\FileHandler' driver.
INFO - 2024-02-03 14:36:08 --> Session: Class initialized using 'CodeIgniter\Session\Handlers\FileHandler' driver.
INFO - 2024-02-03 14:36:12 --> Session: Class initialized using 'CodeIgniter\Session\Handlers\FileHandler' driver.
INFO - 2024-02-03 14:36:23 --> Session: Class initialized using 'CodeIgniter\Session\Handlers\FileHandler' driver.
INFO - 2024-02-03 14:36:44 --> Session: Class initialized using 'CodeIgniter\Session\Handlers\FileHandler' driver.
INFO - 2024-02-03 14:36:55 --> Session: Class initialized using 'CodeIgniter\Session\Handlers\FileHandler' driver.
INFO - 2024-02-03 14:38:10 --> Session: Class initialized using 'CodeIgniter\Session\Handlers\FileHandler' driver.
INFO - 2024-02-03 14:38:11 --> Session: Class initialized using 'CodeIgniter\Session\Handlers\FileHandler' driver.
INFO - 2024-02-03 14:39:26 --> Session: Class initialized using 'CodeIgniter\Session\Handlers\FileHandler' driver.
INFO - 2024-02-03 14:40:12 --> Session: Class initialized using 'CodeIgniter\Session\Handlers\FileHandler' driver.
INFO - 2024-02-03 14:40:23 --> Session: Class initialized using 'CodeIgniter\Session\Handlers\FileHandler' driver.
INFO - 2024-02-03 14:40:32 --> Session: Class initialized using 'CodeIgniter\Session\Handlers\FileHandler' driver.
INFO - 2024-02-03 14:41:26 --> Session: Class initialized using 'CodeIgniter\Session\Handlers\FileHandler' driver.
INFO - 2024-02-03 14:41:26 --> Session: Class initialized using 'CodeIgniter\Session\Handlers\FileHandler' driver.
INFO - 2024-02-03 14:41:37 --> Session: Class initialized using 'CodeIgniter\Session\Handlers\FileHandler' driver.
INFO - 2024-02-03 14:41:40 --> Session: Class initialized using 'CodeIgniter\Session\Handlers\FileHandler' driver.
